<?xml version="1.0" encoding="UTF-8"?>
<!-- Generated by org.testng.reporters.JUnitReportReporter -->
<testsuite hostname="DESKTOP-PPIGCIB" failures="0" tests="1" name="test.PreparationHome_2" time="15.622" errors="0" timestamp="2023-05-10T21:19:26 PDT" skipped="0">
  <testcase classname="test.PreparationHome_2" name="usersShouldBeAblleToOpenAutotechnotesSite" time="15.622"/>
  <system-out/>
</testsuite> <!-- test.PreparationHome_2 -->
