<?xml version="1.0" encoding="UTF-8"?>
<!-- Generated by org.testng.reporters.JUnitReportReporter -->
<testsuite hostname="DESKTOP-PPIGCIB" failures="0" tests="1" name="home_practice.PreparationDeletContact" time="9.999" errors="0" timestamp="2023-05-10T19:14:44 PDT" skipped="0">
  <testcase classname="home_practice.PreparationDeletContact" name="userShouldDeletContact" time="9.999"/>
  <system-out/>
</testsuite> <!-- home_practice.PreparationDeletContact -->
