<?xml version="1.0" encoding="UTF-8"?>
<!-- Generated by org.testng.reporters.JUnitReportReporter -->
<testsuite hostname="DESKTOP-PPIGCIB" failures="0" tests="1" name="test.LoginTest" time="10.279" errors="0" timestamp="2023-05-29T22:47:22 PDT" skipped="0">
  <testcase classname="test.LoginTest" name="loginToTechFios" time="10.279"/>
  <system-out/>
</testsuite> <!-- test.LoginTest -->
