<?xml version="1.0" encoding="UTF-8"?>
<!-- Generated by org.testng.reporters.JUnitReportReporter -->
<testsuite hostname="DESKTOP-PPIGCIB" failures="0" tests="1" name="home_practice.PreparationAddContact" time="23.215" errors="0" timestamp="2023-05-17T20:44:35 PDT" skipped="0">
  <testcase classname="home_practice.PreparationAddContact" name="usersShouldBeAbleToAddAndDeleteContact" time="23.215"/>
  <system-out/>
</testsuite> <!-- home_practice.PreparationAddContact -->
